Using pre-set license
Built from '2022.3/release' branch; Version is '2022.3.12f1 (4fe6e059c7ef) revision 5236448'; Using compiler version '192829333'; Build Type 'Release'
OS: 'Windows 10  (10.0.18363) 64bit Professional' Language: 'en' Physical Memory: 32703 MB
BatchMode: 1, IsHumanControllingUs: 0, StartBugReporterOnCrash: 0, Is64bit: 1, IsPro: 1

COMMAND LINE ARGUMENTS:
C:\Program Files\Unity\Hub\Editor\2022.3.12f1\Editor\Unity.exe
-adb2
-batchMode
-noUpm
-name
AssetImportWorker0
-projectPath
E:/PROGRAMS/PROGRAMS/Change-The-Game/Change The Game
-logFile
Logs/AssetImportWorker0.log
-srvPort
52574
Successfully changed project path to: E:/PROGRAMS/PROGRAMS/Change-The-Game/Change The Game
E:/PROGRAMS/PROGRAMS/Change-The-Game/Change The Game
[UnityMemory] Configuration Parameters - Can be set up in boot.config
    "memorysetup-bucket-allocator-granularity=16"
    "memorysetup-bucket-allocator-bucket-count=8"
    "memorysetup-bucket-allocator-block-size=33554432"
    "memorysetup-bucket-allocator-block-count=8"
    "memorysetup-main-allocator-block-size=16777216"
    "memorysetup-thread-allocator-block-size=16777216"
    "memorysetup-gfx-main-allocator-block-size=16777216"
    "memorysetup-gfx-thread-allocator-block-size=16777216"
    "memorysetup-cache-allocator-block-size=4194304"
    "memorysetup-typetree-allocator-block-size=2097152"
    "memorysetup-profiler-bucket-allocator-granularity=16"
    "memorysetup-profiler-bucket-allocator-bucket-count=8"
    "memorysetup-profiler-bucket-allocator-block-size=33554432"
    "memorysetup-profiler-bucket-allocator-block-count=8"
    "memorysetup-profiler-allocator-block-size=16777216"
    "memorysetup-profiler-editor-allocator-block-size=1048576"
    "memorysetup-temp-allocator-size-main=16777216"
    "memorysetup-job-temp-allocator-block-size=2097152"
    "memorysetup-job-temp-allocator-block-size-background=1048576"
    "memorysetup-job-temp-allocator-reduction-small-platforms=262144"
    "memorysetup-allocator-temp-initial-block-size-main=262144"
    "memorysetup-allocator-temp-initial-block-size-worker=262144"
    "memorysetup-temp-allocator-size-background-worker=32768"
    "memorysetup-temp-allocator-size-job-worker=262144"
    "memorysetup-temp-allocator-size-preload-manager=33554432"
    "memorysetup-temp-allocator-size-nav-mesh-worker=65536"
    "memorysetup-temp-allocator-size-audio-worker=65536"
    "memorysetup-temp-allocator-size-cloud-worker=32768"
    "memorysetup-temp-allocator-size-gi-baking-worker=262144"
    "memorysetup-temp-allocator-size-gfx=262144"
Player connection [14896] Host "[IP] 10.0.0.232 [Port] 0 [Flags] 2 [Guid] 3102114791 [EditorId] 3102114791 [Version] 1048832 [Id] WindowsEditor(7,SkyPC) [Debug] 1 [PackageName] WindowsEditor [ProjectName] Editor" joined multi-casting on [225.0.0.222:54997]...

Player connection [14896] Host "[IP] 10.0.0.232 [Port] 0 [Flags] 2 [Guid] 3102114791 [EditorId] 3102114791 [Version] 1048832 [Id] WindowsEditor(7,SkyPC) [Debug] 1 [PackageName] WindowsEditor [ProjectName] Editor" joined alternative multi-casting on [225.0.0.222:34997]...

[Physics::Module] Initialized MultithreadedJobDispatcher with 7 workers.
Refreshing native plugins compatible for Editor in 8.01 ms, found 3 plugins.
Preloading 0 native plugins for Editor in 0.00 ms.
Initialize engine version: 2022.3.12f1 (4fe6e059c7ef)
[Subsystems] Discovering subsystems at path C:/Program Files/Unity/Hub/Editor/2022.3.12f1/Editor/Data/Resources/UnitySubsystems
[Subsystems] Discovering subsystems at path E:/PROGRAMS/PROGRAMS/Change-The-Game/Change The Game/Assets
GfxDevice: creating device client; threaded=0; jobified=0
Direct3D:
    Version:  Direct3D 11.0 [level 11.1]
    Renderer: NVIDIA GeForce GTX 1050 Ti (ID=0x1c82)
    Vendor:   NVIDIA
    VRAM:     4017 MB
    Driver:   31.0.15.4601
Initialize mono
Mono path[0] = 'C:/Program Files/Unity/Hub/Editor/2022.3.12f1/Editor/Data/Managed'
Mono path[1] = 'C:/Program Files/Unity/Hub/Editor/2022.3.12f1/Editor/Data/MonoBleedingEdge/lib/mono/unityjit-win32'
Mono config path = 'C:/Program Files/Unity/Hub/Editor/2022.3.12f1/Editor/Data/MonoBleedingEdge/etc'
Using monoOptions --debugger-agent=transport=dt_socket,embedding=1,server=y,suspend=n,address=127.0.0.1:56256
Begin MonoManager ReloadAssembly
Registering precompiled unity dll's ...
Register platform support module: C:/Program Files/Unity/Hub/Editor/2022.3.12f1/Editor/Data/PlaybackEngines/WebGLSupport/UnityEditor.WebGL.Extensions.dll
Register platform support module: C:/Program Files/Unity/Hub/Editor/2022.3.12f1/Editor/Data/PlaybackEngines/WindowsStandaloneSupport/UnityEditor.WindowsStandalone.Extensions.dll
Registered in 0.015824 seconds.
- Loaded All Assemblies, in  0.546 seconds
Native extension for WindowsStandalone target not found
Native extension for WebGL target not found
Mono: successfully reloaded assembly
- Finished resetting the current domain, in  0.427 seconds
Domain Reload Profiling: 971ms
	BeginReloadAssembly (156ms)
		ExecutionOrderSort (0ms)
		DisableScriptedObjects (0ms)
		BackupInstance (0ms)
		ReleaseScriptingObjects (0ms)
		CreateAndSetChildDomain (1ms)
	RebuildCommonClasses (57ms)
	RebuildNativeTypeToScriptingClass (18ms)
	initialDomainReloadingComplete (92ms)
	LoadAllAssembliesAndSetupDomain (219ms)
		LoadAssemblies (151ms)
		RebuildTransferFunctionScriptingTraits (0ms)
		AnalyzeDomain (216ms)
			TypeCache.Refresh (213ms)
				TypeCache.ScanAssembly (194ms)
			ScanForSourceGeneratedMonoScriptInfo (1ms)
			ResolveRequiredComponents (1ms)
	FinalizeReload (428ms)
		ReleaseScriptCaches (0ms)
		RebuildScriptCaches (0ms)
		SetupLoadedEditorAssemblies (333ms)
			LogAssemblyErrors (0ms)
			InitializePlatformSupportModulesInManaged (18ms)
			SetLoadedEditorAssemblies (7ms)
			RefreshPlugins (0ms)
			BeforeProcessingInitializeOnLoad (4ms)
			ProcessInitializeOnLoadAttributes (225ms)
			ProcessInitializeOnLoadMethodAttributes (79ms)
			AfterProcessingInitializeOnLoad (0ms)
			EditorAssembliesLoaded (0ms)
		ExecutionOrderSort2 (0ms)
		AwakeInstancesAfterBackupRestoration (0ms)
========================================================================
Worker process is ready to serve import requests
Begin MonoManager ReloadAssembly
- Loaded All Assemblies, in  0.968 seconds
Refreshing native plugins compatible for Editor in 2.80 ms, found 3 plugins.
Native extension for WindowsStandalone target not found
Native extension for WebGL target not found
Package Manager log level set to [2]
[Package Manager] Server::EnsureServerProcessIsRunning -- launch failed, reason: Unity was launched with the -noUpm command-line argument
[Package Manager] UpmClient::Send -- Unable to send message (not connected to UPM process).
[Package Manager] Cannot connect to Unity Package Manager local server
Mono: successfully reloaded assembly
- Finished resetting the current domain, in  0.891 seconds
Domain Reload Profiling: 1856ms
	BeginReloadAssembly (238ms)
		ExecutionOrderSort (0ms)
		DisableScriptedObjects (9ms)
		BackupInstance (0ms)
		ReleaseScriptingObjects (0ms)
		CreateAndSetChildDomain (33ms)
	RebuildCommonClasses (57ms)
	RebuildNativeTypeToScriptingClass (19ms)
	initialDomainReloadingComplete (73ms)
	LoadAllAssembliesAndSetupDomain (577ms)
		LoadAssemblies (409ms)
		RebuildTransferFunctionScriptingTraits (0ms)
		AnalyzeDomain (301ms)
			TypeCache.Refresh (271ms)
				TypeCache.ScanAssembly (251ms)
			ScanForSourceGeneratedMonoScriptInfo (20ms)
			ResolveRequiredComponents (7ms)
	FinalizeReload (892ms)
		ReleaseScriptCaches (0ms)
		RebuildScriptCaches (0ms)
		SetupLoadedEditorAssemblies (643ms)
			LogAssemblyErrors (0ms)
			InitializePlatformSupportModulesInManaged (15ms)
			SetLoadedEditorAssemblies (5ms)
			RefreshPlugins (0ms)
			BeforeProcessingInitializeOnLoad (86ms)
			ProcessInitializeOnLoadAttributes (490ms)
			ProcessInitializeOnLoadMethodAttributes (34ms)
			AfterProcessingInitializeOnLoad (14ms)
			EditorAssembliesLoaded (0ms)
		ExecutionOrderSort2 (0ms)
		AwakeInstancesAfterBackupRestoration (12ms)
Launched and connected shader compiler UnityShaderCompiler.exe after 0.09 seconds
Refreshing native plugins compatible for Editor in 4.77 ms, found 3 plugins.
Preloading 0 native plugins for Editor in 0.00 ms.
Unloading 3083 Unused Serialized files (Serialized files now loaded: 0)
Unloading 32 unused Assets / (58.0 KB). Loaded Objects now: 3573.
Memory consumption went from 131.7 MB to 131.6 MB.
Total: 5.007100 ms (FindLiveObjects: 0.293000 ms CreateObjectMapping: 0.139500 ms MarkObjects: 4.361200 ms  DeleteObjects: 0.210100 ms)

AssetImportParameters requested are different than current active one (requested -> active):
  custom:container-demuxer-ogg: 62fdf1f143b41e24485cea50d1cbac27 -> 
  custom:video-codec-MediaFoundation-h265: 746d11721c4dcdbdad8f713fa42b33f4 -> 
  custom:video-decoder-ogg-theora: a1e56fd34408186e4bbccfd4996cb3dc -> 
  custom:framework-win-MediaFoundation: 216162199b28c13a410421893ffa2e32 -> 
  custom:CustomObjectIndexerAttribute: 756ad292c208cfabdd7b50bc23989ffe -> 
  custom:container-demuxer-webm: 4f35f7cbe854078d1ac9338744f61a02 -> 
  custom:container-muxer-webm: aa71ff27fc2769a1b78a27578f13a17b -> 
  custom:video-decoder-webm-vp8: 9c59270c3fd7afecdb556c50c9e8de78 -> 
  custom:SearchIndexIgnoredProperties: e643bd26f0fe6173181afceb89e7c659 -> 
  custom:AudioImporter_EditorPlatform: d09bf68614088b80899f8185d706f6e7 -> 
  custom:video-encoder-webm-vp8: eb34c28f22e8b96e1ab97ce403110664 -> 
  custom:audio-decoder-ogg-vorbis: bf7c407c2cedff20999df2af8eb42d56 -> 
  custom:audio-encoder-webm-vorbis: bf7c407c2cedff20999df2af8eb42d56 -> 
========================================================================
Received Import Request.
  Time since last request: 4113840.014270 seconds.
  path: Assets/Materials/terrain Textures
  artifactKey: Guid(c658a20f4a038db4cbae1bcf623e65ab) Importer(815301076,1909f56bfc062723c751e8b465ee728b)
Start importing Assets/Materials/terrain Textures using Guid(c658a20f4a038db4cbae1bcf623e65ab) Importer(815301076,1909f56bfc062723c751e8b465ee728b)  -> (artifact id: '604a21fd0136bbbe9a5691cf60c3321b') in 0.003508 seconds
Number of updated asset objects reloaded before import = 0
Number of asset objects unloaded after import = 0
========================================================================
Received Import Request.
  Time since last request: 1.373162 seconds.
  path: Assets/Materials/terrain textures
  artifactKey: Guid(c658a20f4a038db4cbae1bcf623e65ab) Importer(815301076,1909f56bfc062723c751e8b465ee728b)
Start importing Assets/Materials/terrain textures using Guid(c658a20f4a038db4cbae1bcf623e65ab) Importer(815301076,1909f56bfc062723c751e8b465ee728b)  -> (artifact id: '0812cefcbfc4cc13a76148e018998ac0') in 0.000589 seconds
Number of updated asset objects reloaded before import = 0
Number of asset objects unloaded after import = 0
========================================================================
Received Import Request.
  Time since last request: 84.600813 seconds.
  path: Assets/NewLayer 1.terrainlayer
  artifactKey: Guid(025bf74e65986dd4c8a83f3d07641f59) Importer(815301076,1909f56bfc062723c751e8b465ee728b)
Start importing Assets/NewLayer 1.terrainlayer using Guid(025bf74e65986dd4c8a83f3d07641f59) Importer(815301076,1909f56bfc062723c751e8b465ee728b)  -> (artifact id: 'bdd84a5a28750d0bf3da666cd35737ad') in 0.063279 seconds
Number of updated asset objects reloaded before import = 0
Number of asset objects unloaded after import = 1
========================================================================
Received Import Request.
  Time since last request: 4.008223 seconds.
  path: Assets/NewLayer.terrainlayer
  artifactKey: Guid(82f003ad31123ab4f85fb250db8e11eb) Importer(815301076,1909f56bfc062723c751e8b465ee728b)
Start importing Assets/NewLayer.terrainlayer using Guid(82f003ad31123ab4f85fb250db8e11eb) Importer(815301076,1909f56bfc062723c751e8b465ee728b)  -> (artifact id: '9827fb947d2d25ec67ac374942ac01b6') in 0.039046 seconds
Number of updated asset objects reloaded before import = 0
Number of asset objects unloaded after import = 2
========================================================================
Received Import Request.
  Time since last request: 13.170607 seconds.
  path: Assets/Terrain/FirstVillage.asset
  artifactKey: Guid(13076514bc2ddb94d8f674e796720491) Importer(815301076,1909f56bfc062723c751e8b465ee728b)
Start importing Assets/Terrain/FirstVillage.asset using Guid(13076514bc2ddb94d8f674e796720491) Importer(815301076,1909f56bfc062723c751e8b465ee728b)  -> (artifact id: '47ff92f54929f75027dd47bca7fb4d0d') in 0.206526 seconds
Number of updated asset objects reloaded before import = 0
Number of asset objects unloaded after import = 17
========================================================================
Received Import Request.
  Time since last request: 62.856094 seconds.
  path: Assets/TerrainForest.terrainlayer
  artifactKey: Guid(14b6e8b20c5dc8245a579bc4bbf575d0) Importer(815301076,1909f56bfc062723c751e8b465ee728b)
Start importing Assets/TerrainForest.terrainlayer using Guid(14b6e8b20c5dc8245a579bc4bbf575d0) Importer(815301076,1909f56bfc062723c751e8b465ee728b)  -> (artifact id: '793d90ed6d790a19129c268048ba4d4e') in 0.014073 seconds
Number of updated asset objects reloaded before import = 0
Number of asset objects unloaded after import = 2
========================================================================
Received Import Request.
  Time since last request: 40.556781 seconds.
  path: Assets/Materials/Character Materials
  artifactKey: Guid(2360a97b5b4fe2049870c972988f1ac7) Importer(815301076,1909f56bfc062723c751e8b465ee728b)
Start importing Assets/Materials/Character Materials using Guid(2360a97b5b4fe2049870c972988f1ac7) Importer(815301076,1909f56bfc062723c751e8b465ee728b)  -> (artifact id: '3266f1e844f929d1199445d2ee732f07') in 0.000906 seconds
Number of updated asset objects reloaded before import = 0
Number of asset objects unloaded after import = 0
========================================================================
Received Import Request.
  Time since last request: 59.864700 seconds.
  path: Assets/Materials/Terrain Materials
  artifactKey: Guid(c658a20f4a038db4cbae1bcf623e65ab) Importer(815301076,1909f56bfc062723c751e8b465ee728b)
Start importing Assets/Materials/Terrain Materials using Guid(c658a20f4a038db4cbae1bcf623e65ab) Importer(815301076,1909f56bfc062723c751e8b465ee728b)  -> (artifact id: '9c4a3ac5b6edad114275d1ede1cdf15c') in 0.000564 seconds
Number of updated asset objects reloaded before import = 0
Number of asset objects unloaded after import = 0
========================================================================
Received Import Request.
  Time since last request: 110.404860 seconds.
  path: Assets/Materials/Terrain Materials/foliage
  artifactKey: Guid(985bab72ab995874da2e916b04cce939) Importer(815301076,1909f56bfc062723c751e8b465ee728b)
Start importing Assets/Materials/Terrain Materials/foliage using Guid(985bab72ab995874da2e916b04cce939) Importer(815301076,1909f56bfc062723c751e8b465ee728b)  -> (artifact id: '29e0ade1b109e1322878b793102981cf') in 0.000565 seconds
Number of updated asset objects reloaded before import = 0
Number of asset objects unloaded after import = 0
========================================================================
Received Import Request.
  Time since last request: 16.136283 seconds.
  path: Assets/Materials/Terrain Materials/2D textures
  artifactKey: Guid(db10ebc77bb56cf46b138a24d58ac907) Importer(815301076,1909f56bfc062723c751e8b465ee728b)
Start importing Assets/Materials/Terrain Materials/2D textures using Guid(db10ebc77bb56cf46b138a24d58ac907) Importer(815301076,1909f56bfc062723c751e8b465ee728b)  -> (artifact id: '989442149e40205a2b4069eba93f581b') in 0.000599 seconds
Number of updated asset objects reloaded before import = 0
Number of asset objects unloaded after import = 0
========================================================================
Received Import Request.
  Time since last request: 35.974594 seconds.
  path: Assets/Materials/Terrain Materials/ground
  artifactKey: Guid(dcdc42019205e444e983f6e367899132) Importer(815301076,1909f56bfc062723c751e8b465ee728b)
Start importing Assets/Materials/Terrain Materials/ground using Guid(dcdc42019205e444e983f6e367899132) Importer(815301076,1909f56bfc062723c751e8b465ee728b)  -> (artifact id: 'a55db256f36c3386751b09b9df5cde3e') in 0.000572 seconds
Number of updated asset objects reloaded before import = 0
Number of asset objects unloaded after import = 0
========================================================================
Received Import Request.
  Time since last request: 14.806818 seconds.
  path: Assets/Materials/Terrain Materials/ground/2D Textures
  artifactKey: Guid(b701456fb7281364eb2a1e7879e5c1b4) Importer(815301076,1909f56bfc062723c751e8b465ee728b)
Start importing Assets/Materials/Terrain Materials/ground/2D Textures using Guid(b701456fb7281364eb2a1e7879e5c1b4) Importer(815301076,1909f56bfc062723c751e8b465ee728b)  -> (artifact id: 'ec9c82ad9f44dc9ee3517a6b896f8467') in 0.000540 seconds
Number of updated asset objects reloaded before import = 0
Number of asset objects unloaded after import = 0
========================================================================
Received Import Request.
  Time since last request: 34.476295 seconds.
  path: Assets/Scripts/Character Scripts
  artifactKey: Guid(c428a062db4b9bd4d9bbd6410bf21aec) Importer(815301076,1909f56bfc062723c751e8b465ee728b)
Start importing Assets/Scripts/Character Scripts using Guid(c428a062db4b9bd4d9bbd6410bf21aec) Importer(815301076,1909f56bfc062723c751e8b465ee728b)  -> (artifact id: 'cd4d851ab4e5ab21dad7e2ca37c3d736') in 0.000592 seconds
Number of updated asset objects reloaded before import = 0
Number of asset objects unloaded after import = 0
========================================================================
Received Prepare
Begin MonoManager ReloadAssembly
- Loaded All Assemblies, in  0.653 seconds
Refreshing native plugins compatible for Editor in 2.74 ms, found 3 plugins.
Native extension for WindowsStandalone target not found
Native extension for WebGL target not found
[Package Manager] Server::EnsureServerProcessIsRunning -- launch failed, reason: Unity was launched with the -noUpm command-line argument
[Package Manager] UpmClient::Send -- Unable to send message (not connected to UPM process).
[Package Manager] Cannot connect to Unity Package Manager local server
Mono: successfully reloaded assembly
- Finished resetting the current domain, in  1.190 seconds
Domain Reload Profiling: 1838ms
	BeginReloadAssembly (231ms)
		ExecutionOrderSort (0ms)
		DisableScriptedObjects (8ms)
		BackupInstance (0ms)
		ReleaseScriptingObjects (0ms)
		CreateAndSetChildDomain (43ms)
	RebuildCommonClasses (55ms)
	RebuildNativeTypeToScriptingClass (22ms)
	initialDomainReloadingComplete (48ms)
	LoadAllAssembliesAndSetupDomain (291ms)
		LoadAssemblies (396ms)
		RebuildTransferFunctionScriptingTraits (0ms)
		AnalyzeDomain (31ms)
			TypeCache.Refresh (12ms)
				TypeCache.ScanAssembly (0ms)
			ScanForSourceGeneratedMonoScriptInfo (12ms)
			ResolveRequiredComponents (7ms)
	FinalizeReload (1190ms)
		ReleaseScriptCaches (0ms)
		RebuildScriptCaches (0ms)
		SetupLoadedEditorAssemblies (589ms)
			LogAssemblyErrors (0ms)
			InitializePlatformSupportModulesInManaged (14ms)
			SetLoadedEditorAssemblies (4ms)
			RefreshPlugins (0ms)
			BeforeProcessingInitializeOnLoad (97ms)
			ProcessInitializeOnLoadAttributes (428ms)
			ProcessInitializeOnLoadMethodAttributes (32ms)
			AfterProcessingInitializeOnLoad (14ms)
			EditorAssembliesLoaded (0ms)
		ExecutionOrderSort2 (0ms)
		AwakeInstancesAfterBackupRestoration (10ms)
Refreshing native plugins compatible for Editor in 4.32 ms, found 3 plugins.
Preloading 0 native plugins for Editor in 0.00 ms.
Unloading 3075 Unused Serialized files (Serialized files now loaded: 0)
Unloading 23 unused Assets / (31.1 KB). Loaded Objects now: 3583.
Memory consumption went from 136.8 MB to 136.8 MB.
Total: 5.140000 ms (FindLiveObjects: 0.524900 ms CreateObjectMapping: 0.158000 ms MarkObjects: 4.392700 ms  DeleteObjects: 0.062500 ms)

Prepare: number of updated asset objects reloaded= 0
AssetImportParameters requested are different than current active one (requested -> active):
  custom:container-demuxer-ogg: 62fdf1f143b41e24485cea50d1cbac27 -> 
  custom:video-codec-MediaFoundation-h265: 746d11721c4dcdbdad8f713fa42b33f4 -> 
  custom:video-decoder-ogg-theora: a1e56fd34408186e4bbccfd4996cb3dc -> 
  custom:framework-win-MediaFoundation: 216162199b28c13a410421893ffa2e32 -> 
  custom:CustomObjectIndexerAttribute: 756ad292c208cfabdd7b50bc23989ffe -> 
  custom:container-demuxer-webm: 4f35f7cbe854078d1ac9338744f61a02 -> 
  custom:container-muxer-webm: aa71ff27fc2769a1b78a27578f13a17b -> 
  custom:video-decoder-webm-vp8: 9c59270c3fd7afecdb556c50c9e8de78 -> 
  custom:SearchIndexIgnoredProperties: e643bd26f0fe6173181afceb89e7c659 -> 
  custom:AudioImporter_EditorPlatform: d09bf68614088b80899f8185d706f6e7 -> 
  custom:video-encoder-webm-vp8: eb34c28f22e8b96e1ab97ce403110664 -> 
  custom:audio-decoder-ogg-vorbis: bf7c407c2cedff20999df2af8eb42d56 -> 
  custom:audio-encoder-webm-vorbis: bf7c407c2cedff20999df2af8eb42d56 -> 
========================================================================
Received Import Request.
  Time since last request: 16.245745 seconds.
  path: Assets/Scripts/Character Scripts/Cowboy
  artifactKey: Guid(f874a820115cb774db41c9e3abd4879b) Importer(815301076,1909f56bfc062723c751e8b465ee728b)
Start importing Assets/Scripts/Character Scripts/Cowboy using Guid(f874a820115cb774db41c9e3abd4879b) Importer(815301076,1909f56bfc062723c751e8b465ee728b)  -> (artifact id: '9eadeb7281f5167174b5d69954a98631') in 0.002877 seconds
Number of updated asset objects reloaded before import = 0
Number of asset objects unloaded after import = 0
========================================================================
Received Import Request.
  Time since last request: 0.268194 seconds.
  path: Assets/Scripts/Character Scripts/CowboyMovement.cs
  artifactKey: Guid(32a7a3d6a94bb7340ba2a3504a028a70) Importer(815301076,1909f56bfc062723c751e8b465ee728b)
Start importing Assets/Scripts/Character Scripts/CowboyMovement.cs using Guid(32a7a3d6a94bb7340ba2a3504a028a70) Importer(815301076,1909f56bfc062723c751e8b465ee728b)  -> (artifact id: 'ef412b4a448b22d9358f2ee652361f57') in 0.000731 seconds
Number of updated asset objects reloaded before import = 0
Number of asset objects unloaded after import = 0
========================================================================
Received Prepare
Begin MonoManager ReloadAssembly
- Loaded All Assemblies, in  0.650 seconds
Refreshing native plugins compatible for Editor in 2.84 ms, found 3 plugins.
Native extension for WindowsStandalone target not found
Native extension for WebGL target not found
[Package Manager] Server::EnsureServerProcessIsRunning -- launch failed, reason: Unity was launched with the -noUpm command-line argument
[Package Manager] UpmClient::Send -- Unable to send message (not connected to UPM process).
[Package Manager] Cannot connect to Unity Package Manager local server
Mono: successfully reloaded assembly
- Finished resetting the current domain, in  1.222 seconds
Domain Reload Profiling: 1870ms
	BeginReloadAssembly (245ms)
		ExecutionOrderSort (0ms)
		DisableScriptedObjects (11ms)
		BackupInstance (0ms)
		ReleaseScriptingObjects (0ms)
		CreateAndSetChildDomain (48ms)
	RebuildCommonClasses (55ms)
	RebuildNativeTypeToScriptingClass (25ms)
	initialDomainReloadingComplete (47ms)
	LoadAllAssembliesAndSetupDomain (274ms)
		LoadAssemblies (391ms)
		RebuildTransferFunctionScriptingTraits (0ms)
		AnalyzeDomain (26ms)
			TypeCache.Refresh (9ms)
				TypeCache.ScanAssembly (0ms)
			ScanForSourceGeneratedMonoScriptInfo (9ms)
			ResolveRequiredComponents (7ms)
	FinalizeReload (1223ms)
		ReleaseScriptCaches (0ms)
		RebuildScriptCaches (0ms)
		SetupLoadedEditorAssemblies (621ms)
			LogAssemblyErrors (0ms)
			InitializePlatformSupportModulesInManaged (13ms)
			SetLoadedEditorAssemblies (7ms)
			RefreshPlugins (0ms)
			BeforeProcessingInitializeOnLoad (93ms)
			ProcessInitializeOnLoadAttributes (454ms)
			ProcessInitializeOnLoadMethodAttributes (37ms)
			AfterProcessingInitializeOnLoad (17ms)
			EditorAssembliesLoaded (0ms)
		ExecutionOrderSort2 (0ms)
		AwakeInstancesAfterBackupRestoration (12ms)
Refreshing native plugins compatible for Editor in 2.61 ms, found 3 plugins.
Preloading 0 native plugins for Editor in 0.00 ms.
Unloading 3075 Unused Serialized files (Serialized files now loaded: 0)
Unloading 23 unused Assets / (31.0 KB). Loaded Objects now: 3586.
Memory consumption went from 138.8 MB to 138.8 MB.
Total: 4.043800 ms (FindLiveObjects: 0.294400 ms CreateObjectMapping: 0.139000 ms MarkObjects: 3.525400 ms  DeleteObjects: 0.083300 ms)

Prepare: number of updated asset objects reloaded= 0
AssetImportParameters requested are different than current active one (requested -> active):
  custom:container-demuxer-ogg: 62fdf1f143b41e24485cea50d1cbac27 -> 
  custom:video-codec-MediaFoundation-h265: 746d11721c4dcdbdad8f713fa42b33f4 -> 
  custom:video-decoder-ogg-theora: a1e56fd34408186e4bbccfd4996cb3dc -> 
  custom:framework-win-MediaFoundation: 216162199b28c13a410421893ffa2e32 -> 
  custom:CustomObjectIndexerAttribute: 756ad292c208cfabdd7b50bc23989ffe -> 
  custom:container-demuxer-webm: 4f35f7cbe854078d1ac9338744f61a02 -> 
  custom:container-muxer-webm: aa71ff27fc2769a1b78a27578f13a17b -> 
  custom:video-decoder-webm-vp8: 9c59270c3fd7afecdb556c50c9e8de78 -> 
  custom:SearchIndexIgnoredProperties: e643bd26f0fe6173181afceb89e7c659 -> 
  custom:AudioImporter_EditorPlatform: d09bf68614088b80899f8185d706f6e7 -> 
  custom:video-encoder-webm-vp8: eb34c28f22e8b96e1ab97ce403110664 -> 
  custom:audio-decoder-ogg-vorbis: bf7c407c2cedff20999df2af8eb42d56 -> 
  custom:audio-encoder-webm-vorbis: bf7c407c2cedff20999df2af8eb42d56 -> 
========================================================================
Received Import Request.
  Time since last request: 24.807748 seconds.
  path: Assets/TEMP/FIRSTVILLAGE_V1.fbx
  artifactKey: Guid(288c9b4e383b6e04da47a2bcb5a27098) Importer(815301076,1909f56bfc062723c751e8b465ee728b)
Start importing Assets/TEMP/FIRSTVILLAGE_V1.fbx using Guid(288c9b4e383b6e04da47a2bcb5a27098) Importer(815301076,1909f56bfc062723c751e8b465ee728b)  -> (artifact id: '1328b7bf5650e3a22714ed8676beeeb2') in 1.067736 seconds
Number of updated asset objects reloaded before import = 0
Number of asset objects unloaded after import = 618
========================================================================
Received Prepare
Begin MonoManager ReloadAssembly
- Loaded All Assemblies, in  0.646 seconds
Refreshing native plugins compatible for Editor in 3.75 ms, found 3 plugins.
Native extension for WindowsStandalone target not found
Native extension for WebGL target not found
[Package Manager] Server::EnsureServerProcessIsRunning -- launch failed, reason: Unity was launched with the -noUpm command-line argument
[Package Manager] UpmClient::Send -- Unable to send message (not connected to UPM process).
[Package Manager] Cannot connect to Unity Package Manager local server
Mono: successfully reloaded assembly
- Finished resetting the current domain, in  1.160 seconds
Domain Reload Profiling: 1800ms
	BeginReloadAssembly (226ms)
		ExecutionOrderSort (0ms)
		DisableScriptedObjects (7ms)
		BackupInstance (0ms)
		ReleaseScriptingObjects (0ms)
		CreateAndSetChildDomain (43ms)
	RebuildCommonClasses (56ms)
	RebuildNativeTypeToScriptingClass (20ms)
	initialDomainReloadingComplete (51ms)
	LoadAllAssembliesAndSetupDomain (285ms)
		LoadAssemblies (385ms)
		RebuildTransferFunctionScriptingTraits (0ms)
		AnalyzeDomain (36ms)
			TypeCache.Refresh (13ms)
				TypeCache.ScanAssembly (0ms)
			ScanForSourceGeneratedMonoScriptInfo (13ms)
			ResolveRequiredComponents (8ms)
	FinalizeReload (1161ms)
		ReleaseScriptCaches (0ms)
		RebuildScriptCaches (0ms)
		SetupLoadedEditorAssemblies (551ms)
			LogAssemblyErrors (0ms)
			InitializePlatformSupportModulesInManaged (12ms)
			SetLoadedEditorAssemblies (4ms)
			RefreshPlugins (0ms)
			BeforeProcessingInitializeOnLoad (81ms)
			ProcessInitializeOnLoadAttributes (412ms)
			ProcessInitializeOnLoadMethodAttributes (32ms)
			AfterProcessingInitializeOnLoad (12ms)
			EditorAssembliesLoaded (0ms)
		ExecutionOrderSort2 (0ms)
		AwakeInstancesAfterBackupRestoration (13ms)
Refreshing native plugins compatible for Editor in 3.64 ms, found 3 plugins.
Preloading 0 native plugins for Editor in 0.00 ms.
Unloading 3075 Unused Serialized files (Serialized files now loaded: 0)
Unloading 23 unused Assets / (31.1 KB). Loaded Objects now: 3597.
Memory consumption went from 141.2 MB to 141.2 MB.
Total: 4.244200 ms (FindLiveObjects: 0.289900 ms CreateObjectMapping: 0.138800 ms MarkObjects: 3.758300 ms  DeleteObjects: 0.055800 ms)

Prepare: number of updated asset objects reloaded= 0
AssetImportParameters requested are different than current active one (requested -> active):
  custom:container-demuxer-ogg: 62fdf1f143b41e24485cea50d1cbac27 -> 
  custom:video-codec-MediaFoundation-h265: 746d11721c4dcdbdad8f713fa42b33f4 -> 
  custom:video-decoder-ogg-theora: a1e56fd34408186e4bbccfd4996cb3dc -> 
  custom:framework-win-MediaFoundation: 216162199b28c13a410421893ffa2e32 -> 
  custom:CustomObjectIndexerAttribute: 756ad292c208cfabdd7b50bc23989ffe -> 
  custom:container-demuxer-webm: 4f35f7cbe854078d1ac9338744f61a02 -> 
  custom:container-muxer-webm: aa71ff27fc2769a1b78a27578f13a17b -> 
  custom:video-decoder-webm-vp8: 9c59270c3fd7afecdb556c50c9e8de78 -> 
  custom:SearchIndexIgnoredProperties: e643bd26f0fe6173181afceb89e7c659 -> 
  custom:AudioImporter_EditorPlatform: d09bf68614088b80899f8185d706f6e7 -> 
  custom:video-encoder-webm-vp8: eb34c28f22e8b96e1ab97ce403110664 -> 
  custom:audio-decoder-ogg-vorbis: bf7c407c2cedff20999df2af8eb42d56 -> 
  custom:audio-encoder-webm-vorbis: bf7c407c2cedff20999df2af8eb42d56 -> 
========================================================================
Received Prepare
Begin MonoManager ReloadAssembly
- Loaded All Assemblies, in  0.650 seconds
Refreshing native plugins compatible for Editor in 3.13 ms, found 3 plugins.
Native extension for WindowsStandalone target not found
Native extension for WebGL target not found
[Package Manager] Server::EnsureServerProcessIsRunning -- launch failed, reason: Unity was launched with the -noUpm command-line argument
[Package Manager] UpmClient::Send -- Unable to send message (not connected to UPM process).
[Package Manager] Cannot connect to Unity Package Manager local server
Mono: successfully reloaded assembly
- Finished resetting the current domain, in  1.142 seconds
Domain Reload Profiling: 1789ms
	BeginReloadAssembly (235ms)
		ExecutionOrderSort (0ms)
		DisableScriptedObjects (9ms)
		BackupInstance (0ms)
		ReleaseScriptingObjects (0ms)
		CreateAndSetChildDomain (42ms)
	RebuildCommonClasses (59ms)
	RebuildNativeTypeToScriptingClass (23ms)
	initialDomainReloadingComplete (49ms)
	LoadAllAssembliesAndSetupDomain (280ms)
		LoadAssemblies (386ms)
		RebuildTransferFunctionScriptingTraits (0ms)
		AnalyzeDomain (29ms)
			TypeCache.Refresh (10ms)
				TypeCache.ScanAssembly (0ms)
			ScanForSourceGeneratedMonoScriptInfo (11ms)
			ResolveRequiredComponents (6ms)
	FinalizeReload (1143ms)
		ReleaseScriptCaches (0ms)
		RebuildScriptCaches (0ms)
		SetupLoadedEditorAssemblies (544ms)
			LogAssemblyErrors (0ms)
			InitializePlatformSupportModulesInManaged (11ms)
			SetLoadedEditorAssemblies (6ms)
			RefreshPlugins (0ms)
			BeforeProcessingInitializeOnLoad (87ms)
			ProcessInitializeOnLoadAttributes (398ms)
			ProcessInitializeOnLoadMethodAttributes (30ms)
			AfterProcessingInitializeOnLoad (12ms)
			EditorAssembliesLoaded (0ms)
		ExecutionOrderSort2 (0ms)
		AwakeInstancesAfterBackupRestoration (9ms)
Refreshing native plugins compatible for Editor in 2.50 ms, found 3 plugins.
Preloading 0 native plugins for Editor in 0.00 ms.
Unloading 3076 Unused Serialized files (Serialized files now loaded: 0)
Unloading 23 unused Assets / (31.0 KB). Loaded Objects now: 3600.
Memory consumption went from 143.4 MB to 143.3 MB.
Total: 3.696800 ms (FindLiveObjects: 0.415300 ms CreateObjectMapping: 0.157900 ms MarkObjects: 3.065200 ms  DeleteObjects: 0.057200 ms)

Prepare: number of updated asset objects reloaded= 0
AssetImportParameters requested are different than current active one (requested -> active):
  custom:container-demuxer-ogg: 62fdf1f143b41e24485cea50d1cbac27 -> 
  custom:video-codec-MediaFoundation-h265: 746d11721c4dcdbdad8f713fa42b33f4 -> 
  custom:video-decoder-ogg-theora: a1e56fd34408186e4bbccfd4996cb3dc -> 
  custom:framework-win-MediaFoundation: 216162199b28c13a410421893ffa2e32 -> 
  custom:CustomObjectIndexerAttribute: 756ad292c208cfabdd7b50bc23989ffe -> 
  custom:container-demuxer-webm: 4f35f7cbe854078d1ac9338744f61a02 -> 
  custom:container-muxer-webm: aa71ff27fc2769a1b78a27578f13a17b -> 
  custom:video-decoder-webm-vp8: 9c59270c3fd7afecdb556c50c9e8de78 -> 
  custom:SearchIndexIgnoredProperties: e643bd26f0fe6173181afceb89e7c659 -> 
  custom:AudioImporter_EditorPlatform: d09bf68614088b80899f8185d706f6e7 -> 
  custom:video-encoder-webm-vp8: eb34c28f22e8b96e1ab97ce403110664 -> 
  custom:audio-decoder-ogg-vorbis: bf7c407c2cedff20999df2af8eb42d56 -> 
  custom:audio-encoder-webm-vorbis: bf7c407c2cedff20999df2af8eb42d56 -> 
========================================================================
Received Import Request.
  Time since last request: 456.387301 seconds.
  path: Assets/Scenes/HomeTown.unity
  artifactKey: Guid(7cea4239de6c9ed429d375115a172522) Importer(815301076,1909f56bfc062723c751e8b465ee728b)
Start importing Assets/Scenes/HomeTown.unity using Guid(7cea4239de6c9ed429d375115a172522) Importer(815301076,1909f56bfc062723c751e8b465ee728b)  -> (artifact id: 'f412ce223b54174947f8d16958c03084') in 0.008160 seconds
Number of updated asset objects reloaded before import = 0
Number of asset objects unloaded after import = 0
========================================================================
Received Import Request.
  Time since last request: 138.011288 seconds.
  path: Assets/Materials/Terrain Materials/HomeTown
  artifactKey: Guid(503960c320674bc4bbbf61ba703da52f) Importer(815301076,1909f56bfc062723c751e8b465ee728b)
Start importing Assets/Materials/Terrain Materials/HomeTown using Guid(503960c320674bc4bbbf61ba703da52f) Importer(815301076,1909f56bfc062723c751e8b465ee728b)  -> (artifact id: '11486016ae2283ec3b41883334906e2f') in 0.000619 seconds
Number of updated asset objects reloaded before import = 0
Number of asset objects unloaded after import = 0
========================================================================
Received Import Request.
  Time since last request: 0.034636 seconds.
  path: Assets/Materials/Object Materials
  artifactKey: Guid(cc221ffd153cfe143a676d21a461213a) Importer(815301076,1909f56bfc062723c751e8b465ee728b)
Start importing Assets/Materials/Object Materials using Guid(cc221ffd153cfe143a676d21a461213a) Importer(815301076,1909f56bfc062723c751e8b465ee728b)  -> (artifact id: 'b533d14cd0528117f22dfa4d7fec0196') in 0.000510 seconds
Number of updated asset objects reloaded before import = 0
Number of asset objects unloaded after import = 0
========================================================================
Received Import Request.
  Time since last request: 34.075172 seconds.
  path: Assets/Materials/Terrain Materials/HomeTown/DarkEntrance_mat.mat
  artifactKey: Guid(0e0a7645fca83b2498705d34099d3ec1) Importer(815301076,1909f56bfc062723c751e8b465ee728b)
Start importing Assets/Materials/Terrain Materials/HomeTown/DarkEntrance_mat.mat using Guid(0e0a7645fca83b2498705d34099d3ec1) Importer(815301076,1909f56bfc062723c751e8b465ee728b)  -> (artifact id: 'a68787d417998ce8a782ce0d8003c5d5') in 0.139313 seconds
Number of updated asset objects reloaded before import = 0
Number of asset objects unloaded after import = 1
========================================================================
Received Import Request.
  Time since last request: 0.000026 seconds.
  path: Assets/Materials/Terrain Materials/HomeTown/LightStone_mat.mat
  artifactKey: Guid(1352c00402271764aa0af77fbb0441db) Importer(815301076,1909f56bfc062723c751e8b465ee728b)
Start importing Assets/Materials/Terrain Materials/HomeTown/LightStone_mat.mat using Guid(1352c00402271764aa0af77fbb0441db) Importer(815301076,1909f56bfc062723c751e8b465ee728b)  -> (artifact id: 'fe431fb975dd82ed3fa242f4e0271e83') in 0.016368 seconds
Number of updated asset objects reloaded before import = 0
Number of asset objects unloaded after import = 1
========================================================================
Received Import Request.
  Time since last request: 0.000031 seconds.
  path: Assets/Materials/Terrain Materials/HomeTown/Dirt_mat.mat
  artifactKey: Guid(e3230862ac82dd34f817b351c7777548) Importer(815301076,1909f56bfc062723c751e8b465ee728b)
Start importing Assets/Materials/Terrain Materials/HomeTown/Dirt_mat.mat using Guid(e3230862ac82dd34f817b351c7777548) Importer(815301076,1909f56bfc062723c751e8b465ee728b)  -> (artifact id: '421fbeaf658d8d1a9dadc875dde44363') in 0.013990 seconds
Number of updated asset objects reloaded before import = 0
Number of asset objects unloaded after import = 1
========================================================================
Received Import Request.
  Time since last request: 0.000019 seconds.
  path: Assets/Materials/Terrain Materials/HomeTown/EntranceWood_mat.mat
  artifactKey: Guid(22b80b353a21c7840b6f524e5605cfe8) Importer(815301076,1909f56bfc062723c751e8b465ee728b)
Start importing Assets/Materials/Terrain Materials/HomeTown/EntranceWood_mat.mat using Guid(22b80b353a21c7840b6f524e5605cfe8) Importer(815301076,1909f56bfc062723c751e8b465ee728b)  -> (artifact id: 'e50332490ab22734a2cc7ead59752aeb') in 0.015879 seconds
Number of updated asset objects reloaded before import = 0
Number of asset objects unloaded after import = 1
========================================================================
Received Import Request.
  Time since last request: 0.000023 seconds.
  path: Assets/Materials/Terrain Materials/HomeTown/FountainStone_mat.mat
  artifactKey: Guid(5e33ae078deca134793bfd0af390b80e) Importer(815301076,1909f56bfc062723c751e8b465ee728b)
Start importing Assets/Materials/Terrain Materials/HomeTown/FountainStone_mat.mat using Guid(5e33ae078deca134793bfd0af390b80e) Importer(815301076,1909f56bfc062723c751e8b465ee728b)  -> (artifact id: 'ee0945567558e5fea4ad6fdc524964c3') in 0.017691 seconds
Number of updated asset objects reloaded before import = 0
Number of asset objects unloaded after import = 1
========================================================================
Received Import Request.
  Time since last request: 0.000029 seconds.
  path: Assets/Materials/Terrain Materials/HomeTown/Grass_mat.mat
  artifactKey: Guid(77f5760cdd467a04296db5aa50ba522d) Importer(815301076,1909f56bfc062723c751e8b465ee728b)
Start importing Assets/Materials/Terrain Materials/HomeTown/Grass_mat.mat using Guid(77f5760cdd467a04296db5aa50ba522d) Importer(815301076,1909f56bfc062723c751e8b465ee728b)  -> (artifact id: '0213bbd0c9c035354f855654a3f23ee7') in 0.016268 seconds
Number of updated asset objects reloaded before import = 0
Number of asset objects unloaded after import = 2
========================================================================
Received Import Request.
  Time since last request: 0.424524 seconds.
  path: Assets/Materials/Terrain Materials/ground/basicBlue.mat
  artifactKey: Guid(2a14ef2f1ab39ab4487b764f40109d8d) Importer(815301076,1909f56bfc062723c751e8b465ee728b)
Start importing Assets/Materials/Terrain Materials/ground/basicBlue.mat using Guid(2a14ef2f1ab39ab4487b764f40109d8d) Importer(815301076,1909f56bfc062723c751e8b465ee728b)  -> (artifact id: 'c771d2ab8ba59acef7ed895e8f6b172c') in 0.014669 seconds
Number of updated asset objects reloaded before import = 0
Number of asset objects unloaded after import = 1
========================================================================
Received Import Request.
  Time since last request: 16.801492 seconds.
  path: Assets/Materials/Terrain Materials/HomeTown/PineNeedles_mat.mat
  artifactKey: Guid(c729f4328e6e031449c846ef5daa07b4) Importer(815301076,1909f56bfc062723c751e8b465ee728b)
Start importing Assets/Materials/Terrain Materials/HomeTown/PineNeedles_mat.mat using Guid(c729f4328e6e031449c846ef5daa07b4) Importer(815301076,1909f56bfc062723c751e8b465ee728b)  -> (artifact id: 'affcde758e704acfd7be77070168d968') in 0.008517 seconds
Number of updated asset objects reloaded before import = 0
Number of asset objects unloaded after import = 1
========================================================================
Received Import Request.
  Time since last request: 0.000025 seconds.
  path: Assets/Materials/Terrain Materials/HomeTown/WindowFrame_mat.mat
  artifactKey: Guid(e20e7d073e5f85d41ad6b3f2407faa21) Importer(815301076,1909f56bfc062723c751e8b465ee728b)
Start importing Assets/Materials/Terrain Materials/HomeTown/WindowFrame_mat.mat using Guid(e20e7d073e5f85d41ad6b3f2407faa21) Importer(815301076,1909f56bfc062723c751e8b465ee728b)  -> (artifact id: '3cbb37216236cf4783dc55420dbc6089') in 0.018053 seconds
Number of updated asset objects reloaded before import = 0
Number of asset objects unloaded after import = 1
========================================================================
Received Import Request.
  Time since last request: 0.000023 seconds.
  path: Assets/Materials/Terrain Materials/HomeTown/Water_mat.mat
  artifactKey: Guid(e8013bc4f6f1cde4c91bc141089e9d9f) Importer(815301076,1909f56bfc062723c751e8b465ee728b)
Start importing Assets/Materials/Terrain Materials/HomeTown/Water_mat.mat using Guid(e8013bc4f6f1cde4c91bc141089e9d9f) Importer(815301076,1909f56bfc062723c751e8b465ee728b)  -> (artifact id: '80a73ba7b99519b3c9f340ad50f6aa53') in 0.017071 seconds
Number of updated asset objects reloaded before import = 0
Number of asset objects unloaded after import = 1
========================================================================
Received Import Request.
  Time since last request: 1.037915 seconds.
  path: Assets/Terrain/Foliage/Wood.002.mat
  artifactKey: Guid(c3ec3c3a6343dcc42b458bd59b46161c) Importer(815301076,1909f56bfc062723c751e8b465ee728b)
Start importing Assets/Terrain/Foliage/Wood.002.mat using Guid(c3ec3c3a6343dcc42b458bd59b46161c) Importer(815301076,1909f56bfc062723c751e8b465ee728b)  -> (artifact id: 'acc58fc13c862b6951eaa838e0436d10') in 0.015159 seconds
Number of updated asset objects reloaded before import = 0
Number of asset objects unloaded after import = 1
========================================================================
Received Import Request.
  Time since last request: 163.494901 seconds.
  path: Assets/Materials/Terrain Materials/foliage/Tree
  artifactKey: Guid(62310b3bb3a1d9942b4fe225857b54ff) Importer(815301076,1909f56bfc062723c751e8b465ee728b)
Start importing Assets/Materials/Terrain Materials/foliage/Tree using Guid(62310b3bb3a1d9942b4fe225857b54ff) Importer(815301076,1909f56bfc062723c751e8b465ee728b)  -> (artifact id: 'de7f701ca3004e0377dc202f0343b982') in 0.000731 seconds
Number of updated asset objects reloaded before import = 0
Number of asset objects unloaded after import = 0
========================================================================
Received Import Request.
  Time since last request: 93.110990 seconds.
  path: Assets/Materials/Terrain Materials/foliage/Tree/Wood.001.mat
  artifactKey: Guid(dfa84175f8de6be40add5d8ea8e3bb01) Importer(815301076,1909f56bfc062723c751e8b465ee728b)
Start importing Assets/Materials/Terrain Materials/foliage/Tree/Wood.001.mat using Guid(dfa84175f8de6be40add5d8ea8e3bb01) Importer(815301076,1909f56bfc062723c751e8b465ee728b)  -> (artifact id: '4cb34f3d86d6a0294db6c0bf236b35a3') in 0.015520 seconds
Number of updated asset objects reloaded before import = 0
Number of asset objects unloaded after import = 2
========================================================================
Received Import Request.
  Time since last request: 0.954832 seconds.
  path: Assets/Materials/Terrain Materials/foliage/Tree/PineNeedles.mat
  artifactKey: Guid(a8e0550b3656a334eac95bb32271816d) Importer(815301076,1909f56bfc062723c751e8b465ee728b)
Start importing Assets/Materials/Terrain Materials/foliage/Tree/PineNeedles.mat using Guid(a8e0550b3656a334eac95bb32271816d) Importer(815301076,1909f56bfc062723c751e8b465ee728b)  -> (artifact id: 'eadce22c24d67d0cb1b3354ed2eda9ee') in 0.008566 seconds
Number of updated asset objects reloaded before import = 0
Number of asset objects unloaded after import = 2
========================================================================
Received Import Request.
  Time since last request: 159.993287 seconds.
  path: Assets/Materials/Terrain Materials/HomeTown/Tree
  artifactKey: Guid(d8a5eb0c2f5b7e84a87b743936422847) Importer(815301076,1909f56bfc062723c751e8b465ee728b)
Start importing Assets/Materials/Terrain Materials/HomeTown/Tree using Guid(d8a5eb0c2f5b7e84a87b743936422847) Importer(815301076,1909f56bfc062723c751e8b465ee728b)  -> (artifact id: 'efe6a8ee39da18d1973496d200aa8100') in 0.000683 seconds
Number of updated asset objects reloaded before import = 0
Number of asset objects unloaded after import = 0
========================================================================
Received Import Request.
  Time since last request: 1400.794639 seconds.
  path: Assets/Mesh
  artifactKey: Guid(b53427c514e2a68448ac5e3393a42946) Importer(815301076,1909f56bfc062723c751e8b465ee728b)
Start importing Assets/Mesh using Guid(b53427c514e2a68448ac5e3393a42946) Importer(815301076,1909f56bfc062723c751e8b465ee728b)  -> (artifact id: 'b1887c67108c1929a4be99c75c8fc3e3') in 0.000752 seconds
Number of updated asset objects reloaded before import = 0
Number of asset objects unloaded after import = 0
========================================================================
Received Import Request.
  Time since last request: 3.992571 seconds.
  path: Assets/Characters/Cowboy/COWBOY_V2_PREFAB.prefab
  artifactKey: Guid(476d1746b40255940bdb004b05b2f0c8) Importer(815301076,1909f56bfc062723c751e8b465ee728b)
Start importing Assets/Characters/Cowboy/COWBOY_V2_PREFAB.prefab using Guid(476d1746b40255940bdb004b05b2f0c8) Importer(815301076,1909f56bfc062723c751e8b465ee728b)  -> (artifact id: '72158f610662794f03b60bce879b1efd') in 0.050466 seconds
Number of updated asset objects reloaded before import = 0
Number of asset objects unloaded after import = 180
========================================================================
Received Import Request.
  Time since last request: 477.643578 seconds.
  path: Assets/TEMP/New Prefab.prefab
  artifactKey: Guid(8ddf17a669c19a1408388db522046609) Importer(815301076,1909f56bfc062723c751e8b465ee728b)
Start importing Assets/TEMP/New Prefab.prefab using Guid(8ddf17a669c19a1408388db522046609) Importer(815301076,1909f56bfc062723c751e8b465ee728b)  -> (artifact id: 'd6a198c2193232725f2128d8ef53942f') in 0.003354 seconds
Number of updated asset objects reloaded before import = 0
Number of asset objects unloaded after import = 4
========================================================================
Received Import Request.
  Time since last request: 304.652810 seconds.
  path: Assets/Structures
  artifactKey: Guid(b53427c514e2a68448ac5e3393a42946) Importer(815301076,1909f56bfc062723c751e8b465ee728b)
Start importing Assets/Structures using Guid(b53427c514e2a68448ac5e3393a42946) Importer(815301076,1909f56bfc062723c751e8b465ee728b)  -> (artifact id: '1151df11b9522a880d4c3a05d48d7cfe') in 0.000833 seconds
Number of updated asset objects reloaded before import = 0
Number of asset objects unloaded after import = 0
========================================================================
Received Import Request.
  Time since last request: 33.740679 seconds.
  path: Assets/Materials/Structure Materials
  artifactKey: Guid(5430bc8970320b14ab2544c99523f14c) Importer(815301076,1909f56bfc062723c751e8b465ee728b)
Start importing Assets/Materials/Structure Materials using Guid(5430bc8970320b14ab2544c99523f14c) Importer(815301076,1909f56bfc062723c751e8b465ee728b)  -> (artifact id: '299c656fa06bd4f675b45047504ed1ec') in 0.000558 seconds
Number of updated asset objects reloaded before import = 0
Number of asset objects unloaded after import = 0
========================================================================
Received Import Request.
  Time since last request: 184.119604 seconds.
  path: Assets/Structures/WaterFountain.prefab
  artifactKey: Guid(80fc902a5d62dee4db6e10b871450036) Importer(815301076,1909f56bfc062723c751e8b465ee728b)
Start importing Assets/Structures/WaterFountain.prefab using Guid(80fc902a5d62dee4db6e10b871450036) Importer(815301076,1909f56bfc062723c751e8b465ee728b)  -> (artifact id: 'b13ec50bfbeebdded0d431468b96aa8e') in 0.020179 seconds
Number of updated asset objects reloaded before import = 0
Number of asset objects unloaded after import = 15
========================================================================
Received Import Request.
  Time since last request: 16243.271642 seconds.
  path: Assets/Structures/LOG_CABIN.fbx
  artifactKey: Guid(35affd3f45123a74cadfe92817bfbad5) Importer(815301076,1909f56bfc062723c751e8b465ee728b)
Start importing Assets/Structures/LOG_CABIN.fbx using Guid(35affd3f45123a74cadfe92817bfbad5) Importer(815301076,1909f56bfc062723c751e8b465ee728b)  -> (artifact id: 'bb2351ca5d09b7cfc45cdf4f482584e0') in 0.241093 seconds
Number of updated asset objects reloaded before import = 0
Number of asset objects unloaded after import = 108
========================================================================
Received Import Request.
  Time since last request: 412.640354 seconds.
  path: Assets/Structures/LOG_CABIN.prefab
  artifactKey: Guid(49e114390fcc58a44bb92ec3dc4f841b) Importer(815301076,1909f56bfc062723c751e8b465ee728b)
Start importing Assets/Structures/LOG_CABIN.prefab using Guid(49e114390fcc58a44bb92ec3dc4f841b) Importer(815301076,1909f56bfc062723c751e8b465ee728b)  -> (artifact id: 'e7cc0ec2c05f7350ebc3269d4e87ebe7') in 0.023289 seconds
Number of updated asset objects reloaded before import = 0
Number of asset objects unloaded after import = 189
========================================================================
Received Prepare
Begin MonoManager ReloadAssembly
- Loaded All Assemblies, in  3.371 seconds
Refreshing native plugins compatible for Editor in 4.33 ms, found 3 plugins.
Native extension for WindowsStandalone target not found
Native extension for WebGL target not found
[Package Manager] Server::EnsureServerProcessIsRunning -- launch failed, reason: Unity was launched with the -noUpm command-line argument
[Package Manager] UpmClient::Send -- Unable to send message (not connected to UPM process).
[Package Manager] Cannot connect to Unity Package Manager local server
Mono: successfully reloaded assembly
- Finished resetting the current domain, in 12.817 seconds
Domain Reload Profiling: 16183ms
	BeginReloadAssembly (228ms)
		ExecutionOrderSort (0ms)
		DisableScriptedObjects (7ms)
		BackupInstance (0ms)
		ReleaseScriptingObjects (0ms)
		CreateAndSetChildDomain (52ms)
	RebuildCommonClasses (56ms)
	RebuildNativeTypeToScriptingClass (20ms)
	initialDomainReloadingComplete (46ms)
	LoadAllAssembliesAndSetupDomain (3016ms)
		LoadAssemblies (3125ms)
		RebuildTransferFunctionScriptingTraits (0ms)
		AnalyzeDomain (18ms)
			TypeCache.Refresh (8ms)
				TypeCache.ScanAssembly (0ms)
			ScanForSourceGeneratedMonoScriptInfo (0ms)
			ResolveRequiredComponents (8ms)
	FinalizeReload (12818ms)
		ReleaseScriptCaches (0ms)
		RebuildScriptCaches (0ms)
		SetupLoadedEditorAssemblies (625ms)
			LogAssemblyErrors (0ms)
			InitializePlatformSupportModulesInManaged (14ms)
			SetLoadedEditorAssemblies (7ms)
			RefreshPlugins (0ms)
			BeforeProcessingInitializeOnLoad (97ms)
			ProcessInitializeOnLoadAttributes (462ms)
			ProcessInitializeOnLoadMethodAttributes (32ms)
			AfterProcessingInitializeOnLoad (13ms)
			EditorAssembliesLoaded (0ms)
		ExecutionOrderSort2 (0ms)
		AwakeInstancesAfterBackupRestoration (11ms)
Refreshing native plugins compatible for Editor in 3.29 ms, found 3 plugins.
Preloading 0 native plugins for Editor in 0.00 ms.
Unloading 3075 Unused Serialized files (Serialized files now loaded: 0)
Unloading 23 unused Assets / (31.0 KB). Loaded Objects now: 3637.
Memory consumption went from 146.9 MB to 146.8 MB.
Total: 4.220800 ms (FindLiveObjects: 0.324100 ms CreateObjectMapping: 0.138600 ms MarkObjects: 3.697000 ms  DeleteObjects: 0.059300 ms)

Prepare: number of updated asset objects reloaded= 0
AssetImportParameters requested are different than current active one (requested -> active):
  custom:container-demuxer-ogg: 62fdf1f143b41e24485cea50d1cbac27 -> 
  custom:video-codec-MediaFoundation-h265: 746d11721c4dcdbdad8f713fa42b33f4 -> 
  custom:video-decoder-ogg-theora: a1e56fd34408186e4bbccfd4996cb3dc -> 
  custom:framework-win-MediaFoundation: 216162199b28c13a410421893ffa2e32 -> 
  custom:CustomObjectIndexerAttribute: 756ad292c208cfabdd7b50bc23989ffe -> 
  custom:container-demuxer-webm: 4f35f7cbe854078d1ac9338744f61a02 -> 
  custom:container-muxer-webm: aa71ff27fc2769a1b78a27578f13a17b -> 
  custom:video-decoder-webm-vp8: 9c59270c3fd7afecdb556c50c9e8de78 -> 
  custom:SearchIndexIgnoredProperties: e643bd26f0fe6173181afceb89e7c659 -> 
  custom:AudioImporter_EditorPlatform: d09bf68614088b80899f8185d706f6e7 -> 
  custom:video-encoder-webm-vp8: eb34c28f22e8b96e1ab97ce403110664 -> 
  custom:audio-decoder-ogg-vorbis: bf7c407c2cedff20999df2af8eb42d56 -> 
  custom:audio-encoder-webm-vorbis: bf7c407c2cedff20999df2af8eb42d56 -> 
